<?xml version="1.0" encoding="UTF-8"?>
<testsuite name="com.hotel.HotelTest" tests="8" skipped="0" failures="0" errors="0" timestamp="2020-10-14T05:54:32" hostname="LAPTOP-JP0FR8LN" time="0.035">
  <properties/>
  <testcase name="given_all_hotel_rates_should_return_highest_rating_for_tie" classname="com.hotel.HotelTest" time="0.019"/>
  <testcase name="given_two_or_more_dates_should_return_correct_name" classname="com.hotel.HotelTest" time="0.003"/>
  <testcase name="given_one_weekend_one_weekday_dates_should_return_true" classname="com.hotel.HotelTest" time="0.0"/>
  <testcase name="given_one_weekend_one_weekday_dates_should_return_true_rewardee" classname="com.hotel.HotelTest" time="0.0"/>
  <testcase name="given_all_hotel_rates_should_return_true" classname="com.hotel.HotelTest" time="0.002"/>
  <testcase name="given_all_hotel_rates_should_return_true_for_weekdays_rewardee" classname="com.hotel.HotelTest" time="0.002"/>
  <testcase name="given_both_weekend_dates_should_return_true" classname="com.hotel.HotelTest" time="0.001"/>
  <testcase name="given_all_hotel_rates_should_return_true_for_weekdays_non_rewardee" classname="com.hotel.HotelTest" time="0.002"/>
  <system-out><![CDATA[[Bridgewood, Lakewood]
Cheapest and best rated hotel is: Bridgewood with rating : 4
[Lakewood]
Cheapest and best rated hotel is: Lakewood with rating : 3
[Ridgewood]
Cheapest and best rated hotel is: Ridgewood with rating : 5
[Lakewood]
Cheapest and best rated hotel is: Lakewood with rating : 3
[Lakewood]
Cheapest and best rated hotel is: Lakewood with rating : 3
]]></system-out>
  <system-err><![CDATA[]]></system-err>
</testsuite>
