<?xml version="1.0" encoding="UTF-8"?>
<testsuite name="com.hotel.HotelTest" tests="1" skipped="0" failures="0" errors="0" timestamp="2020-10-05T15:03:51" hostname="LAPTOP-JP0FR8LN" time="0.009">
  <properties/>
  <testcase name="given_rewardee_dates_weekend_should_return_true" classname="com.hotel.HotelTest" time="0.009"/>
  <system-out><![CDATA[Cost is: 80
]]></system-out>
  <system-err><![CDATA[]]></system-err>
</testsuite>
